<?xml version="1.0" encoding="UTF-8"?>
<!-- Generated by org.testng.reporters.JUnitReportReporter -->
<testsuite hostname="C02F614VML7H" failures="0" tests="1" name="com.todayapp.runners.SmokeRunner" time="20.571" errors="0" timestamp="12 Nov 2021 09:20:08 GMT" skipped="0">
  <testcase classname="com.todayapp.runners.SmokeRunner" name="feature" time="20.571"/>
</testsuite> <!-- com.todayapp.runners.SmokeRunner -->
